2022-10-27 15:35:39 [34mINFO [0;39m SkylifeTransformationApplication - Starting SkylifeTransformationApplication using Java 11.0.12 on baghyeonseong-ui-MacBookAir.local with PID 74627 (/Users/lusida/Downloads/skylife_Transformation/build/classes/java/main started by lusida in /Users/lusida/Downloads/skylife_Transformation)
2022-10-27 15:35:39 [34mINFO [0;39m SkylifeTransformationApplication - The following 1 profile is active: "prod"
2022-10-27 15:35:41 [34mINFO [0;39m TomcatWebServer - Tomcat initialized with port(s): 8080 (http)
2022-10-27 15:35:41 [34mINFO [0;39m Http11NioProtocol - Initializing ProtocolHandler ["http-nio-8080"]
2022-10-27 15:35:41 [34mINFO [0;39m StandardService - Starting service [Tomcat]
2022-10-27 15:35:41 [34mINFO [0;39m StandardEngine - Starting Servlet engine: [Apache Tomcat/9.0.63]
2022-10-27 15:35:42 [34mINFO [0;39m TldScanner - At least one JAR was scanned for TLDs yet contained no TLDs. Enable debug logging for this logger for a complete list of JARs that were scanned but no TLDs were found in them. Skipping unneeded JARs during scanning can improve startup time and JSP compilation time.
2022-10-27 15:35:42 [34mINFO [0;39m [/] - Initializing Spring embedded WebApplicationContext
2022-10-27 15:35:42 [34mINFO [0;39m ServletWebServerApplicationContext - Root WebApplicationContext: initialization completed in 2757 ms
2022-10-27 15:35:43 [31mWARN [0;39m UserDetailsServiceAutoConfiguration - 

Using generated security password: 46236011-1f77-41fb-a02e-bef33691e65c

This generated password is for development use only. Your security configuration must be updated before running your application in production.

2022-10-27 15:35:43 [34mINFO [0;39m DefaultSecurityFilterChain - Will secure any request with [org.springframework.security.web.session.DisableEncodeUrlFilter@20349058, org.springframework.security.web.context.request.async.WebAsyncManagerIntegrationFilter@6cbb7a7d, org.springframework.security.web.context.SecurityContextPersistenceFilter@7a65c995, org.springframework.security.web.header.HeaderWriterFilter@2aa14ae6, org.springframework.security.web.authentication.logout.LogoutFilter@73f6e07, org.springframework.security.web.authentication.UsernamePasswordAuthenticationFilter@508ad266, org.springframework.security.web.savedrequest.RequestCacheAwareFilter@3af10d0b, org.springframework.security.web.servletapi.SecurityContextHolderAwareRequestFilter@a0c5be, org.springframework.security.web.authentication.AnonymousAuthenticationFilter@cdb3c85, org.springframework.security.web.session.SessionManagementFilter@4168f3d9, org.springframework.security.web.access.ExceptionTranslationFilter@39266403, org.springframework.security.web.access.intercept.FilterSecurityInterceptor@6222391a]
2022-10-27 15:35:43 [34mINFO [0;39m Http11NioProtocol - Starting ProtocolHandler ["http-nio-8080"]
2022-10-27 15:35:43 [34mINFO [0;39m TomcatWebServer - Tomcat started on port(s): 8080 (http) with context path ''
2022-10-27 15:35:43 [34mINFO [0;39m SkylifeTransformationApplication - Started SkylifeTransformationApplication in 5.509 seconds (JVM running for 6.097)
2022-10-27 15:35:43 [34mINFO [0;39m SkylifeTransformationApplication - info 기본
2022-10-27 15:35:43 [31mWARN [0;39m SkylifeTransformationApplication - warn 경고
2022-10-27 15:35:43 [1;31mERROR[0;39m SkylifeTransformationApplication - error 에러
2022-10-27 15:40:07 [34mINFO [0;39m SkylifeTransformationApplication - Starting SkylifeTransformationApplication using Java 11.0.12 on baghyeonseong-ui-MacBookAir.local with PID 75204 (/Users/lusida/Downloads/skylife_Transformation/build/classes/java/main started by lusida in /Users/lusida/Downloads/skylife_Transformation)
2022-10-27 15:40:07 [34mINFO [0;39m SkylifeTransformationApplication - The following 1 profile is active: "prod"
2022-10-27 15:40:10 [34mINFO [0;39m TomcatWebServer - Tomcat initialized with port(s): 8080 (http)
2022-10-27 15:40:10 [34mINFO [0;39m Http11NioProtocol - Initializing ProtocolHandler ["http-nio-8080"]
2022-10-27 15:40:10 [34mINFO [0;39m StandardService - Starting service [Tomcat]
2022-10-27 15:40:10 [34mINFO [0;39m StandardEngine - Starting Servlet engine: [Apache Tomcat/9.0.63]
2022-10-27 15:40:10 [34mINFO [0;39m TldScanner - At least one JAR was scanned for TLDs yet contained no TLDs. Enable debug logging for this logger for a complete list of JARs that were scanned but no TLDs were found in them. Skipping unneeded JARs during scanning can improve startup time and JSP compilation time.
2022-10-27 15:40:10 [34mINFO [0;39m [/] - Initializing Spring embedded WebApplicationContext
2022-10-27 15:40:10 [34mINFO [0;39m ServletWebServerApplicationContext - Root WebApplicationContext: initialization completed in 2649 ms
2022-10-27 15:40:11 [31mWARN [0;39m UserDetailsServiceAutoConfiguration - 

Using generated security password: 088078f1-8621-420b-a11d-caf620f3f126

This generated password is for development use only. Your security configuration must be updated before running your application in production.

2022-10-27 15:40:11 [34mINFO [0;39m DefaultSecurityFilterChain - Will secure any request with [org.springframework.security.web.session.DisableEncodeUrlFilter@6f91fbda, org.springframework.security.web.context.request.async.WebAsyncManagerIntegrationFilter@723e3c17, org.springframework.security.web.context.SecurityContextPersistenceFilter@3a11c0eb, org.springframework.security.web.header.HeaderWriterFilter@4d354a3e, org.springframework.security.web.authentication.logout.LogoutFilter@1e6060f1, org.springframework.security.web.authentication.UsernamePasswordAuthenticationFilter@34279b8a, org.springframework.security.web.savedrequest.RequestCacheAwareFilter@2c9d90fc, org.springframework.security.web.servletapi.SecurityContextHolderAwareRequestFilter@666618d6, org.springframework.security.web.authentication.AnonymousAuthenticationFilter@4ffced4e, org.springframework.security.web.session.SessionManagementFilter@604d28c6, org.springframework.security.web.access.ExceptionTranslationFilter@8e99809, org.springframework.security.web.access.intercept.FilterSecurityInterceptor@11e9ac24]
2022-10-27 15:40:12 [34mINFO [0;39m Http11NioProtocol - Starting ProtocolHandler ["http-nio-8080"]
2022-10-27 15:40:12 [34mINFO [0;39m TomcatWebServer - Tomcat started on port(s): 8080 (http) with context path ''
2022-10-27 15:40:12 [34mINFO [0;39m SkylifeTransformationApplication - Started SkylifeTransformationApplication in 5.427 seconds (JVM running for 6.007)
2022-10-27 15:40:12 [34mINFO [0;39m SkylifeTransformationApplication - info 기본
2022-10-27 15:40:12 [31mWARN [0;39m SkylifeTransformationApplication - warn 경고
2022-10-27 15:40:12 [1;31mERROR[0;39m SkylifeTransformationApplication - error 에러
